Start testing: Dec 01 22:23 CET
----------------------------------------------------------
1/1 Testing: catdog_unit_tests
1/1 Test: catdog_unit_tests
Command: "/Users/matheusfunabashi/Desktop/c_proj/C_Project_2nd/build/catdog_tests"
Directory: /Users/matheusfunabashi/Desktop/c_proj/C_Project_2nd/build
"catdog_unit_tests" start time: Dec 01 22:23 CET
Output:
----------------------------------------------------------
All catdog unit tests passed.
<end of output>
Test time =   0.21 sec
----------------------------------------------------------
Test Passed.
"catdog_unit_tests" end time: Dec 01 22:23 CET
"catdog_unit_tests" time elapsed: 00:00:00
----------------------------------------------------------

End testing: Dec 01 22:23 CET
